<?xml version="1.0" encoding="UTF-8"?>
<testng-results skipped="0" failed="0" ignored="0" total="1" passed="1">
  <reporter-output>
  </reporter-output>
  <suite name="Default suite" duration-ms="10805" started-at="2019-07-21T10:43:27Z" finished-at="2019-07-21T10:43:38Z">
    <groups>
    </groups>
    <test name="Default test" duration-ms="10805" started-at="2019-07-21T10:43:27Z" finished-at="2019-07-21T10:43:38Z">
      <class name="testcases.PHPSeleniumTest">
        <test-method status="PASS" signature="setup()[pri:0, instance:testcases.PHPSeleniumTest@4b9e13df]" name="setup" is-config="true" duration-ms="9215" started-at="2019-07-21T10:43:27Z" finished-at="2019-07-21T10:43:36Z">
          <reporter-output>
          </reporter-output>
        </test-method> <!-- setup -->
        <test-method status="PASS" signature="websiteTest()[pri:0, instance:testcases.PHPSeleniumTest@4b9e13df]" name="websiteTest" duration-ms="1527" started-at="2019-07-21T10:43:36Z" finished-at="2019-07-21T10:43:38Z">
          <reporter-output>
          </reporter-output>
        </test-method> <!-- websiteTest -->
        <test-method status="PASS" signature="close()[pri:0, instance:testcases.PHPSeleniumTest@4b9e13df]" name="close" is-config="true" duration-ms="0" started-at="2019-07-21T10:43:38Z" finished-at="2019-07-21T10:43:38Z">
          <reporter-output>
          </reporter-output>
        </test-method> <!-- close -->
      </class> <!-- testcases.PHPSeleniumTest -->
    </test> <!-- Default test -->
  </suite> <!-- Default suite -->
</testng-results>
